0 info it worked if it ends with ok
1 verbose cli [ '/Users/erik/.nvm/versions/io.js/v2.3.1/bin/iojs',
1 verbose cli   '/Users/erik/.nvm/versions/io.js/v2.3.1/bin/npm',
1 verbose cli   'run',
1 verbose cli   'seed' ]
2 info using npm@2.11.3
3 info using node@v2.3.1
4 verbose stack Error: ENOENT: no such file or directory, open '/Users/erik/Documents/Standard Analytics/blobber/package.json'
4 verbose stack     at Error (native)
5 verbose cwd /Users/erik/Documents/Standard Analytics/blobber
6 error Darwin 13.4.0
7 error argv "/Users/erik/.nvm/versions/io.js/v2.3.1/bin/iojs" "/Users/erik/.nvm/versions/io.js/v2.3.1/bin/npm" "run" "seed"
8 error node v2.3.1
9 error npm  v2.11.3
10 error path /Users/erik/Documents/Standard Analytics/blobber/package.json
11 error code ENOENT
12 error errno -2
13 error syscall open
14 error enoent ENOENT: no such file or directory, open '/Users/erik/Documents/Standard Analytics/blobber/package.json'
14 error enoent This is most likely not a problem with npm itself
14 error enoent and is related to npm not being able to find a file.
15 verbose exit [ -2, true ]
